<?xml version="1.0" encoding="UTF-8"?>
<testsuite xmlns:xsi="http://www.w3.org/2001/XMLSchema-instance" xsi:noNamespaceSchemaLocation="https://maven.apache.org/surefire/maven-surefire-plugin/xsd/surefire-test-report.xsd" name="com.houzz.shop.test.ProducerTest" time="3.02" tests="1" errors="0" skipped="0" failures="0">
  <properties>
    <property name="sun.desktop" value="windows"/>
    <property name="awt.toolkit" value="sun.awt.windows.WToolkit"/>
    <property name="file.encoding.pkg" value="sun.io"/>
    <property name="java.specification.version" value="1.8"/>
    <property name="sun.cpu.isalist" value="amd64"/>
    <property name="sun.jnu.encoding" value="GBK"/>
    <property name="java.class.path" value="E:\ideaProject\springBoot-dubbo-rocketmq-zookeeper\springboot-rocketmq-producer\target\test-classes;E:\ideaProject\springBoot-dubbo-rocketmq-zookeeper\springboot-rocketmq-producer\target\classes;E:\Program Files (x86)\Maven\maven_repository\com\houzz\shop\springboot-rocketmq-util\1.0-SNAPSHOT\springboot-rocketmq-util-1.0-SNAPSHOT.jar;E:\Program Files (x86)\Maven\maven_repository\org\apache\rocketmq\rocketmq-spring-boot-starter\2.0.3\rocketmq-spring-boot-starter-2.0.3.jar;E:\Program Files (x86)\Maven\maven_repository\org\apache\rocketmq\rocketmq-spring-boot\2.0.3\rocketmq-spring-boot-2.0.3.jar;E:\Program Files (x86)\Maven\maven_repository\org\slf4j\slf4j-api\1.7.25\slf4j-api-1.7.25.jar;E:\Program Files (x86)\Maven\maven_repository\org\apache\rocketmq\rocketmq-client\4.5.1\rocketmq-client-4.5.1.jar;E:\Program Files (x86)\Maven\maven_repository\org\apache\rocketmq\rocketmq-common\4.5.1\rocketmq-common-4.5.1.jar;E:\Program Files (x86)\Maven\maven_repository\org\apache\commons\commons-lang3\3.7\commons-lang3-3.7.jar;E:\Program Files (x86)\Maven\maven_repository\org\apache\rocketmq\rocketmq-acl\4.5.1\rocketmq-acl-4.5.1.jar;E:\Program Files (x86)\Maven\maven_repository\org\apache\rocketmq\rocketmq-remoting\4.5.1\rocketmq-remoting-4.5.1.jar;E:\Program Files (x86)\Maven\maven_repository\com\alibaba\fastjson\1.2.51\fastjson-1.2.51.jar;E:\Program Files (x86)\Maven\maven_repository\io\netty\netty-all\4.1.29.Final\netty-all-4.1.29.Final.jar;E:\Program Files (x86)\Maven\maven_repository\io\netty\netty-tcnative-boringssl-static\1.1.33.Fork26\netty-tcnative-boringssl-static-1.1.33.Fork26.jar;E:\Program Files (x86)\Maven\maven_repository\org\apache\rocketmq\rocketmq-logging\4.5.1\rocketmq-logging-4.5.1.jar;E:\Program Files (x86)\Maven\maven_repository\org\apache\rocketmq\rocketmq-srvutil\4.5.1\rocketmq-srvutil-4.5.1.jar;E:\Program Files (x86)\Maven\maven_repository\commons-cli\commons-cli\1.2\commons-cli-1.2.jar;E:\Program Files (x86)\Maven\maven_repository\com\google\guava\guava\19.0\guava-19.0.jar;E:\Program Files (x86)\Maven\maven_repository\commons-codec\commons-codec\1.11\commons-codec-1.11.jar;E:\Program Files (x86)\Maven\maven_repository\org\springframework\spring-messaging\5.0.10.RELEASE\spring-messaging-5.0.10.RELEASE.jar;E:\Program Files (x86)\Maven\maven_repository\org\springframework\spring-beans\5.0.10.RELEASE\spring-beans-5.0.10.RELEASE.jar;E:\Program Files (x86)\Maven\maven_repository\org\springframework\spring-context\5.0.10.RELEASE\spring-context-5.0.10.RELEASE.jar;E:\Program Files (x86)\Maven\maven_repository\org\springframework\spring-expression\5.0.10.RELEASE\spring-expression-5.0.10.RELEASE.jar;E:\Program Files (x86)\Maven\maven_repository\org\springframework\spring-aop\5.0.10.RELEASE\spring-aop-5.0.10.RELEASE.jar;E:\Program Files (x86)\Maven\maven_repository\com\fasterxml\jackson\core\jackson-databind\2.9.7\jackson-databind-2.9.7.jar;E:\Program Files (x86)\Maven\maven_repository\com\fasterxml\jackson\core\jackson-annotations\2.9.0\jackson-annotations-2.9.0.jar;E:\Program Files (x86)\Maven\maven_repository\com\fasterxml\jackson\core\jackson-core\2.9.7\jackson-core-2.9.7.jar;E:\Program Files (x86)\Maven\maven_repository\org\springframework\boot\spring-boot-starter\2.0.6.RELEASE\spring-boot-starter-2.0.6.RELEASE.jar;E:\Program Files (x86)\Maven\maven_repository\org\springframework\boot\spring-boot\2.0.6.RELEASE\spring-boot-2.0.6.RELEASE.jar;E:\Program Files (x86)\Maven\maven_repository\org\springframework\boot\spring-boot-autoconfigure\2.0.6.RELEASE\spring-boot-autoconfigure-2.0.6.RELEASE.jar;E:\Program Files (x86)\Maven\maven_repository\org\springframework\boot\spring-boot-starter-logging\2.0.6.RELEASE\spring-boot-starter-logging-2.0.6.RELEASE.jar;E:\Program Files (x86)\Maven\maven_repository\ch\qos\logback\logback-classic\1.2.3\logback-classic-1.2.3.jar;E:\Program Files (x86)\Maven\maven_repository\ch\qos\logback\logback-core\1.2.3\logback-core-1.2.3.jar;E:\Program Files (x86)\Maven\maven_repository\org\apache\logging\log4j\log4j-to-slf4j\2.10.0\log4j-to-slf4j-2.10.0.jar;E:\Program Files (x86)\Maven\maven_repository\org\apache\logging\log4j\log4j-api\2.10.0\log4j-api-2.10.0.jar;E:\Program Files (x86)\Maven\maven_repository\org\slf4j\jul-to-slf4j\1.7.25\jul-to-slf4j-1.7.25.jar;E:\Program Files (x86)\Maven\maven_repository\javax\annotation\javax.annotation-api\1.3.2\javax.annotation-api-1.3.2.jar;E:\Program Files (x86)\Maven\maven_repository\org\yaml\snakeyaml\1.19\snakeyaml-1.19.jar;E:\Program Files (x86)\Maven\maven_repository\org\springframework\boot\spring-boot-starter-validation\2.0.6.RELEASE\spring-boot-starter-validation-2.0.6.RELEASE.jar;E:\Program Files (x86)\Maven\maven_repository\org\apache\tomcat\embed\tomcat-embed-el\8.5.34\tomcat-embed-el-8.5.34.jar;E:\Program Files (x86)\Maven\maven_repository\org\hibernate\validator\hibernate-validator\6.0.13.Final\hibernate-validator-6.0.13.Final.jar;E:\Program Files (x86)\Maven\maven_repository\javax\validation\validation-api\2.0.1.Final\validation-api-2.0.1.Final.jar;E:\Program Files (x86)\Maven\maven_repository\org\jboss\logging\jboss-logging\3.3.2.Final\jboss-logging-3.3.2.Final.jar;E:\Program Files (x86)\Maven\maven_repository\com\fasterxml\classmate\1.3.4\classmate-1.3.4.jar;E:\Program Files (x86)\Maven\maven_repository\org\projectlombok\lombok\1.18.6\lombok-1.18.6.jar;E:\Program Files (x86)\Maven\maven_repository\org\springframework\boot\spring-boot-starter-test\2.0.6.RELEASE\spring-boot-starter-test-2.0.6.RELEASE.jar;E:\Program Files (x86)\Maven\maven_repository\org\springframework\boot\spring-boot-test\2.0.6.RELEASE\spring-boot-test-2.0.6.RELEASE.jar;E:\Program Files (x86)\Maven\maven_repository\org\springframework\boot\spring-boot-test-autoconfigure\2.0.6.RELEASE\spring-boot-test-autoconfigure-2.0.6.RELEASE.jar;E:\Program Files (x86)\Maven\maven_repository\com\jayway\jsonpath\json-path\2.4.0\json-path-2.4.0.jar;E:\Program Files (x86)\Maven\maven_repository\net\minidev\json-smart\2.3\json-smart-2.3.jar;E:\Program Files (x86)\Maven\maven_repository\net\minidev\accessors-smart\1.2\accessors-smart-1.2.jar;E:\Program Files (x86)\Maven\maven_repository\org\ow2\asm\asm\5.0.4\asm-5.0.4.jar;E:\Program Files (x86)\Maven\maven_repository\junit\junit\4.12\junit-4.12.jar;E:\Program Files (x86)\Maven\maven_repository\org\assertj\assertj-core\3.9.1\assertj-core-3.9.1.jar;E:\Program Files (x86)\Maven\maven_repository\org\mockito\mockito-core\2.15.0\mockito-core-2.15.0.jar;E:\Program Files (x86)\Maven\maven_repository\net\bytebuddy\byte-buddy\1.7.11\byte-buddy-1.7.11.jar;E:\Program Files (x86)\Maven\maven_repository\net\bytebuddy\byte-buddy-agent\1.7.11\byte-buddy-agent-1.7.11.jar;E:\Program Files (x86)\Maven\maven_repository\org\objenesis\objenesis\2.6\objenesis-2.6.jar;E:\Program Files (x86)\Maven\maven_repository\org\hamcrest\hamcrest-core\1.3\hamcrest-core-1.3.jar;E:\Program Files (x86)\Maven\maven_repository\org\hamcrest\hamcrest-library\1.3\hamcrest-library-1.3.jar;E:\Program Files (x86)\Maven\maven_repository\org\skyscreamer\jsonassert\1.5.0\jsonassert-1.5.0.jar;E:\Program Files (x86)\Maven\maven_repository\com\vaadin\external\google\android-json\0.0.20131108.vaadin1\android-json-0.0.20131108.vaadin1.jar;E:\Program Files (x86)\Maven\maven_repository\org\springframework\spring-core\5.0.10.RELEASE\spring-core-5.0.10.RELEASE.jar;E:\Program Files (x86)\Maven\maven_repository\org\springframework\spring-jcl\5.0.10.RELEASE\spring-jcl-5.0.10.RELEASE.jar;E:\Program Files (x86)\Maven\maven_repository\org\springframework\spring-test\5.0.10.RELEASE\spring-test-5.0.10.RELEASE.jar;E:\Program Files (x86)\Maven\maven_repository\org\xmlunit\xmlunit-core\2.5.1\xmlunit-core-2.5.1.jar;"/>
    <property name="java.vm.vendor" value="Oracle Corporation"/>
    <property name="sun.arch.data.model" value="64"/>
    <property name="user.variant" value=""/>
    <property name="java.vendor.url" value="http://java.oracle.com/"/>
    <property name="user.timezone" value=""/>
    <property name="java.vm.specification.version" value="1.8"/>
    <property name="os.name" value="Windows 11"/>
    <property name="user.country" value="CN"/>
    <property name="sun.java.launcher" value="SUN_STANDARD"/>
    <property name="sun.boot.library.path" value="E:\Program Files\Java\jdk1.8.0_333\jre\bin"/>
    <property name="sun.java.command" value="C:\Users\Hou\AppData\Local\Temp\surefire1688147739716161950\surefirebooter8732858707163275416.jar C:\Users\Hou\AppData\Local\Temp\surefire1688147739716161950 2022-10-16T16-11-42_901-jvmRun1 surefire4509678526690503766tmp surefire_0722283176107630847tmp"/>
    <property name="surefire.test.class.path" value="E:\ideaProject\springBoot-dubbo-rocketmq-zookeeper\springboot-rocketmq-producer\target\test-classes;E:\ideaProject\springBoot-dubbo-rocketmq-zookeeper\springboot-rocketmq-producer\target\classes;E:\Program Files (x86)\Maven\maven_repository\com\houzz\shop\springboot-rocketmq-util\1.0-SNAPSHOT\springboot-rocketmq-util-1.0-SNAPSHOT.jar;E:\Program Files (x86)\Maven\maven_repository\org\apache\rocketmq\rocketmq-spring-boot-starter\2.0.3\rocketmq-spring-boot-starter-2.0.3.jar;E:\Program Files (x86)\Maven\maven_repository\org\apache\rocketmq\rocketmq-spring-boot\2.0.3\rocketmq-spring-boot-2.0.3.jar;E:\Program Files (x86)\Maven\maven_repository\org\slf4j\slf4j-api\1.7.25\slf4j-api-1.7.25.jar;E:\Program Files (x86)\Maven\maven_repository\org\apache\rocketmq\rocketmq-client\4.5.1\rocketmq-client-4.5.1.jar;E:\Program Files (x86)\Maven\maven_repository\org\apache\rocketmq\rocketmq-common\4.5.1\rocketmq-common-4.5.1.jar;E:\Program Files (x86)\Maven\maven_repository\org\apache\commons\commons-lang3\3.7\commons-lang3-3.7.jar;E:\Program Files (x86)\Maven\maven_repository\org\apache\rocketmq\rocketmq-acl\4.5.1\rocketmq-acl-4.5.1.jar;E:\Program Files (x86)\Maven\maven_repository\org\apache\rocketmq\rocketmq-remoting\4.5.1\rocketmq-remoting-4.5.1.jar;E:\Program Files (x86)\Maven\maven_repository\com\alibaba\fastjson\1.2.51\fastjson-1.2.51.jar;E:\Program Files (x86)\Maven\maven_repository\io\netty\netty-all\4.1.29.Final\netty-all-4.1.29.Final.jar;E:\Program Files (x86)\Maven\maven_repository\io\netty\netty-tcnative-boringssl-static\1.1.33.Fork26\netty-tcnative-boringssl-static-1.1.33.Fork26.jar;E:\Program Files (x86)\Maven\maven_repository\org\apache\rocketmq\rocketmq-logging\4.5.1\rocketmq-logging-4.5.1.jar;E:\Program Files (x86)\Maven\maven_repository\org\apache\rocketmq\rocketmq-srvutil\4.5.1\rocketmq-srvutil-4.5.1.jar;E:\Program Files (x86)\Maven\maven_repository\commons-cli\commons-cli\1.2\commons-cli-1.2.jar;E:\Program Files (x86)\Maven\maven_repository\com\google\guava\guava\19.0\guava-19.0.jar;E:\Program Files (x86)\Maven\maven_repository\commons-codec\commons-codec\1.11\commons-codec-1.11.jar;E:\Program Files (x86)\Maven\maven_repository\org\springframework\spring-messaging\5.0.10.RELEASE\spring-messaging-5.0.10.RELEASE.jar;E:\Program Files (x86)\Maven\maven_repository\org\springframework\spring-beans\5.0.10.RELEASE\spring-beans-5.0.10.RELEASE.jar;E:\Program Files (x86)\Maven\maven_repository\org\springframework\spring-context\5.0.10.RELEASE\spring-context-5.0.10.RELEASE.jar;E:\Program Files (x86)\Maven\maven_repository\org\springframework\spring-expression\5.0.10.RELEASE\spring-expression-5.0.10.RELEASE.jar;E:\Program Files (x86)\Maven\maven_repository\org\springframework\spring-aop\5.0.10.RELEASE\spring-aop-5.0.10.RELEASE.jar;E:\Program Files (x86)\Maven\maven_repository\com\fasterxml\jackson\core\jackson-databind\2.9.7\jackson-databind-2.9.7.jar;E:\Program Files (x86)\Maven\maven_repository\com\fasterxml\jackson\core\jackson-annotations\2.9.0\jackson-annotations-2.9.0.jar;E:\Program Files (x86)\Maven\maven_repository\com\fasterxml\jackson\core\jackson-core\2.9.7\jackson-core-2.9.7.jar;E:\Program Files (x86)\Maven\maven_repository\org\springframework\boot\spring-boot-starter\2.0.6.RELEASE\spring-boot-starter-2.0.6.RELEASE.jar;E:\Program Files (x86)\Maven\maven_repository\org\springframework\boot\spring-boot\2.0.6.RELEASE\spring-boot-2.0.6.RELEASE.jar;E:\Program Files (x86)\Maven\maven_repository\org\springframework\boot\spring-boot-autoconfigure\2.0.6.RELEASE\spring-boot-autoconfigure-2.0.6.RELEASE.jar;E:\Program Files (x86)\Maven\maven_repository\org\springframework\boot\spring-boot-starter-logging\2.0.6.RELEASE\spring-boot-starter-logging-2.0.6.RELEASE.jar;E:\Program Files (x86)\Maven\maven_repository\ch\qos\logback\logback-classic\1.2.3\logback-classic-1.2.3.jar;E:\Program Files (x86)\Maven\maven_repository\ch\qos\logback\logback-core\1.2.3\logback-core-1.2.3.jar;E:\Program Files (x86)\Maven\maven_repository\org\apache\logging\log4j\log4j-to-slf4j\2.10.0\log4j-to-slf4j-2.10.0.jar;E:\Program Files (x86)\Maven\maven_repository\org\apache\logging\log4j\log4j-api\2.10.0\log4j-api-2.10.0.jar;E:\Program Files (x86)\Maven\maven_repository\org\slf4j\jul-to-slf4j\1.7.25\jul-to-slf4j-1.7.25.jar;E:\Program Files (x86)\Maven\maven_repository\javax\annotation\javax.annotation-api\1.3.2\javax.annotation-api-1.3.2.jar;E:\Program Files (x86)\Maven\maven_repository\org\yaml\snakeyaml\1.19\snakeyaml-1.19.jar;E:\Program Files (x86)\Maven\maven_repository\org\springframework\boot\spring-boot-starter-validation\2.0.6.RELEASE\spring-boot-starter-validation-2.0.6.RELEASE.jar;E:\Program Files (x86)\Maven\maven_repository\org\apache\tomcat\embed\tomcat-embed-el\8.5.34\tomcat-embed-el-8.5.34.jar;E:\Program Files (x86)\Maven\maven_repository\org\hibernate\validator\hibernate-validator\6.0.13.Final\hibernate-validator-6.0.13.Final.jar;E:\Program Files (x86)\Maven\maven_repository\javax\validation\validation-api\2.0.1.Final\validation-api-2.0.1.Final.jar;E:\Program Files (x86)\Maven\maven_repository\org\jboss\logging\jboss-logging\3.3.2.Final\jboss-logging-3.3.2.Final.jar;E:\Program Files (x86)\Maven\maven_repository\com\fasterxml\classmate\1.3.4\classmate-1.3.4.jar;E:\Program Files (x86)\Maven\maven_repository\org\projectlombok\lombok\1.18.6\lombok-1.18.6.jar;E:\Program Files (x86)\Maven\maven_repository\org\springframework\boot\spring-boot-starter-test\2.0.6.RELEASE\spring-boot-starter-test-2.0.6.RELEASE.jar;E:\Program Files (x86)\Maven\maven_repository\org\springframework\boot\spring-boot-test\2.0.6.RELEASE\spring-boot-test-2.0.6.RELEASE.jar;E:\Program Files (x86)\Maven\maven_repository\org\springframework\boot\spring-boot-test-autoconfigure\2.0.6.RELEASE\spring-boot-test-autoconfigure-2.0.6.RELEASE.jar;E:\Program Files (x86)\Maven\maven_repository\com\jayway\jsonpath\json-path\2.4.0\json-path-2.4.0.jar;E:\Program Files (x86)\Maven\maven_repository\net\minidev\json-smart\2.3\json-smart-2.3.jar;E:\Program Files (x86)\Maven\maven_repository\net\minidev\accessors-smart\1.2\accessors-smart-1.2.jar;E:\Program Files (x86)\Maven\maven_repository\org\ow2\asm\asm\5.0.4\asm-5.0.4.jar;E:\Program Files (x86)\Maven\maven_repository\junit\junit\4.12\junit-4.12.jar;E:\Program Files (x86)\Maven\maven_repository\org\assertj\assertj-core\3.9.1\assertj-core-3.9.1.jar;E:\Program Files (x86)\Maven\maven_repository\org\mockito\mockito-core\2.15.0\mockito-core-2.15.0.jar;E:\Program Files (x86)\Maven\maven_repository\net\bytebuddy\byte-buddy\1.7.11\byte-buddy-1.7.11.jar;E:\Program Files (x86)\Maven\maven_repository\net\bytebuddy\byte-buddy-agent\1.7.11\byte-buddy-agent-1.7.11.jar;E:\Program Files (x86)\Maven\maven_repository\org\objenesis\objenesis\2.6\objenesis-2.6.jar;E:\Program Files (x86)\Maven\maven_repository\org\hamcrest\hamcrest-core\1.3\hamcrest-core-1.3.jar;E:\Program Files (x86)\Maven\maven_repository\org\hamcrest\hamcrest-library\1.3\hamcrest-library-1.3.jar;E:\Program Files (x86)\Maven\maven_repository\org\skyscreamer\jsonassert\1.5.0\jsonassert-1.5.0.jar;E:\Program Files (x86)\Maven\maven_repository\com\vaadin\external\google\android-json\0.0.20131108.vaadin1\android-json-0.0.20131108.vaadin1.jar;E:\Program Files (x86)\Maven\maven_repository\org\springframework\spring-core\5.0.10.RELEASE\spring-core-5.0.10.RELEASE.jar;E:\Program Files (x86)\Maven\maven_repository\org\springframework\spring-jcl\5.0.10.RELEASE\spring-jcl-5.0.10.RELEASE.jar;E:\Program Files (x86)\Maven\maven_repository\org\springframework\spring-test\5.0.10.RELEASE\spring-test-5.0.10.RELEASE.jar;E:\Program Files (x86)\Maven\maven_repository\org\xmlunit\xmlunit-core\2.5.1\xmlunit-core-2.5.1.jar;"/>
    <property name="sun.cpu.endian" value="little"/>
    <property name="user.home" value="C:\Users\Hou"/>
    <property name="user.language" value="zh"/>
    <property name="java.specification.vendor" value="Oracle Corporation"/>
    <property name="java.home" value="E:\Program Files\Java\jdk1.8.0_333\jre"/>
    <property name="basedir" value="E:\ideaProject\springBoot-dubbo-rocketmq-zookeeper\springboot-rocketmq-producer"/>
    <property name="file.separator" value="\"/>
    <property name="line.separator" value="&#10;"/>
    <property name="java.vm.specification.vendor" value="Oracle Corporation"/>
    <property name="java.specification.name" value="Java Platform API Specification"/>
    <property name="java.awt.graphicsenv" value="sun.awt.Win32GraphicsEnvironment"/>
    <property name="surefire.real.class.path" value="C:\Users\Hou\AppData\Local\Temp\surefire1688147739716161950\surefirebooter8732858707163275416.jar"/>
    <property name="sun.boot.class.path" value="E:\Program Files\Java\jdk1.8.0_333\jre\lib\resources.jar;E:\Program Files\Java\jdk1.8.0_333\jre\lib\rt.jar;E:\Program Files\Java\jdk1.8.0_333\jre\lib\sunrsasign.jar;E:\Program Files\Java\jdk1.8.0_333\jre\lib\jsse.jar;E:\Program Files\Java\jdk1.8.0_333\jre\lib\jce.jar;E:\Program Files\Java\jdk1.8.0_333\jre\lib\charsets.jar;E:\Program Files\Java\jdk1.8.0_333\jre\lib\jfr.jar;E:\Program Files\Java\jdk1.8.0_333\jre\classes"/>
    <property name="user.script" value=""/>
    <property name="sun.management.compiler" value="HotSpot 64-Bit Tiered Compilers"/>
    <property name="java.runtime.version" value="1.8.0_333-b02"/>
    <property name="user.name" value="Hou"/>
    <property name="path.separator" value=";"/>
    <property name="os.version" value="10.0"/>
    <property name="java.endorsed.dirs" value="E:\Program Files\Java\jdk1.8.0_333\jre\lib\endorsed"/>
    <property name="java.runtime.name" value="Java(TM) SE Runtime Environment"/>
    <property name="file.encoding" value="GBK"/>
    <property name="java.vm.name" value="Java HotSpot(TM) 64-Bit Server VM"/>
    <property name="localRepository" value="E:\Program Files (x86)\Maven\maven_repository"/>
    <property name="java.vendor.url.bug" value="http://bugreport.sun.com/bugreport/"/>
    <property name="java.io.tmpdir" value="C:\Users\Hou\AppData\Local\Temp\"/>
    <property name="idea.version" value="2021.2"/>
    <property name="java.version" value="1.8.0_333"/>
    <property name="user.dir" value="E:\ideaProject\springBoot-dubbo-rocketmq-zookeeper\springboot-rocketmq-producer"/>
    <property name="os.arch" value="amd64"/>
    <property name="java.vm.specification.name" value="Java Virtual Machine Specification"/>
    <property name="java.awt.printerjob" value="sun.awt.windows.WPrinterJob"/>
    <property name="sun.os.patch.level" value=""/>
    <property name="java.library.path" value="E:\Program Files\Java\jdk1.8.0_333\jre\bin;C:\WINDOWS\Sun\Java\bin;C:\WINDOWS\system32;C:\WINDOWS;C:\Program Files (x86)\Common Files\Oracle\Java\javapath;E:\Program Files (x86)\VMware\VMware Workstation\bin\;C:\Windows\system32;C:\Windows;C:\Windows\System32\Wbem;C:\Windows\System32\WindowsPowerShell\v1.0\;C:\Windows\System32\OpenSSH\;C:\Program Files (x86)\NVIDIA Corporation\PhysX\Common;C:\Program Files\NVIDIA Corporation\NVIDIA NvDLISR;E:\Program Files (x86)\Java\jdk1.8.0_331\bin;E:\Program Files (x86)\Java\jdk1.8.0_331\jre\bin;C:\Program Files\dotnet\;E:\Program Files (x86)\Maven\apache-maven-3.5.2\bin;E:\Program Files\Git\cmd;;C:\WINDOWS\system32;C:\WINDOWS;C:\WINDOWS\System32\Wbem;C:\WINDOWS\System32\WindowsPowerShell\v1.0\;C:\WINDOWS\System32\OpenSSH\;C:\Users\Hou\AppData\Local\Microsoft\WindowsApps;;."/>
    <property name="java.vm.info" value="mixed mode"/>
    <property name="java.vendor" value="Oracle Corporation"/>
    <property name="java.vm.version" value="25.333-b02"/>
    <property name="java.ext.dirs" value="E:\Program Files\Java\jdk1.8.0_333\jre\lib\ext;C:\WINDOWS\Sun\Java\lib\ext"/>
    <property name="sun.io.unicode.encoding" value="UnicodeLittle"/>
    <property name="maven.repo.local" value="E:\Program Files (x86)\Maven\maven_repository"/>
    <property name="java.class.version" value="52.0"/>
  </properties>
  <testcase name="test1" classname="com.houzz.shop.test.ProducerTest" time="0.459"/>
</testsuite>